21:57:33.381 [main] INFO  testCases.TC_001_AccountRegistrationTest - ***  Starting TC_001_AccountRegistrationTest ***
21:57:33.585 [main] INFO  testCases.TC_001_AccountRegistrationTest - Clicked on My account link
21:57:34.137 [main] INFO  testCases.TC_001_AccountRegistrationTest - Clicked on register link
21:57:34.140 [main] INFO  testCases.TC_001_AccountRegistrationTest - Providing customer data
21:57:36.839 [main] INFO  testCases.TC_001_AccountRegistrationTest - Clicked on privacy terms
21:57:36.952 [main] INFO  testCases.TC_001_AccountRegistrationTest - Clicked on continue
21:57:42.014 [main] INFO  testCases.TC_001_AccountRegistrationTest - Validating expected message
21:57:42.018 [main] INFO  testCases.TC_001_AccountRegistrationTest - ***  Finished TC_001_AccountRegistrationTest ***
21:57:44.378 [main] INFO  testCases.TC_002_LoginTest - **** Starting TC_OO2_LoginTest *****
21:57:44.498 [main] INFO  testCases.TC_002_LoginTest - Clicked on My Account
21:57:45.098 [main] INFO  testCases.TC_002_LoginTest - Clicked on Login Link
21:57:45.101 [main] INFO  testCases.TC_002_LoginTest - Providing login details
21:57:45.478 [main] INFO  testCases.TC_002_LoginTest - clicked on Login button
21:57:46.169 [main] INFO  testCases.TC_002_LoginTest - **** Finished TC_002_LoginTest *****
21:57:50.542 [main] INFO  testCases.TC_003_LoginDDT - *** Starting TC_003_LoginDDT******
21:57:51.538 [main] INFO  testCases.TC_003_LoginDDT - Entered login credentials
21:57:51.631 [main] INFO  testCases.TC_003_LoginDDT - Clicked on Login
21:57:52.799 [main] INFO  testCases.TC_003_LoginDDT - *** Finished TC_003_LoginDDT******
21:57:52.805 [main] INFO  testCases.TC_003_LoginDDT - *** Starting TC_003_LoginDDT******
21:57:53.594 [main] INFO  testCases.TC_003_LoginDDT - Entered login credentials
21:57:53.687 [main] INFO  testCases.TC_003_LoginDDT - Clicked on Login
21:58:03.719 [main] INFO  testCases.TC_003_LoginDDT - *** Finished TC_003_LoginDDT******
21:58:03.726 [main] INFO  testCases.TC_003_LoginDDT - *** Starting TC_003_LoginDDT******
21:58:04.569 [main] INFO  testCases.TC_003_LoginDDT - Entered login credentials
21:58:04.670 [main] INFO  testCases.TC_003_LoginDDT - Clicked on Login
21:58:14.743 [main] INFO  testCases.TC_003_LoginDDT - *** Finished TC_003_LoginDDT******
21:58:14.749 [main] INFO  testCases.TC_003_LoginDDT - *** Starting TC_003_LoginDDT******
21:58:15.716 [main] INFO  testCases.TC_003_LoginDDT - Entered login credentials
21:58:15.804 [main] INFO  testCases.TC_003_LoginDDT - Clicked on Login
21:58:25.818 [main] INFO  testCases.TC_003_LoginDDT - *** Finished TC_003_LoginDDT******
21:58:25.823 [main] INFO  testCases.TC_003_LoginDDT - *** Starting TC_003_LoginDDT******
21:58:26.672 [main] INFO  testCases.TC_003_LoginDDT - Entered login credentials
21:58:26.774 [main] INFO  testCases.TC_003_LoginDDT - Clicked on Login
21:58:36.839 [main] INFO  testCases.TC_003_LoginDDT - *** Finished TC_003_LoginDDT******
21:58:39.118 [main] INFO  testCases.TC_004_SearchProductTest -  Starting TC_004_SearchProductTest 
21:58:39.263 [main] INFO  testCases.TC_004_SearchProductTest - Entered Product name
21:58:40.305 [main] INFO  testCases.TC_004_SearchProductTest - Product existance verified
21:58:40.305 [main] INFO  testCases.TC_004_SearchProductTest -  Finished TC_004_SearchProductTest 
21:58:42.532 [main] INFO  testCases.TC_005_AddToCartTest -  Starting TC_005_AddToCartTest 
21:58:43.452 [main] INFO  testCases.TC_005_AddToCartTest -  Clicked on Search
21:58:48.332 [main] INFO  testCases.TC_005_AddToCartTest -  Finished TC_005_AddToCartTest 
21:58:50.580 [main] INFO  testCases.TC_006_CheckoutTest -  Starting TC_006_CheckoutTest 
21:58:51.515 [main] INFO  testCases.TC_006_CheckoutTest -  Clicked on Search 
21:58:51.580 [main] INFO  testCases.TC_006_CheckoutTest -  Product present Successful 
21:58:52.458 [main] INFO  testCases.TC_006_CheckoutTest -  Product added to cart 
21:59:03.896 [main] INFO  testCases.TC_006_CheckoutTest -  Clicked on checkout 
21:59:05.399 [main] INFO  testCases.TC_006_CheckoutTest -  Entered billing details for Checkout 
21:59:05.400 [main] INFO  testCases.TC_006_CheckoutTest -  Finished TC_006_CheckoutTest 
21:59:08.378 [main] INFO  testCases.TC_007_EndToEndTest -  Starting TC_006_CheckoutTest 
21:59:09.066 [main] INFO  testCases.TC_007_EndToEndTest -  Clicked on Register from Dropdown 
21:59:11.897 [main] INFO  testCases.TC_007_EndToEndTest -  Entered Registration details 
